e:\v12_projects\workspace_lte_handover\src\simulation\lte\x64\debug\vc142.pdb
e:\v12_projects\workspace_lte_handover\src\simulation\lte\x64\debug\vc142.idb
e:\v12_projects\workspace_lte_handover\src\simulation\lte\x64\debug\rrc.obj
e:\v12_projects\workspace_lte_handover\src\simulation\lte\x64\debug\rlc.obj
e:\v12_projects\workspace_lte_handover\src\simulation\lte\x64\debug\relay.obj
e:\v12_projects\workspace_lte_handover\src\simulation\lte\x64\debug\pdcp.obj
e:\v12_projects\workspace_lte_handover\src\simulation\lte\x64\debug\nas.obj
e:\v12_projects\workspace_lte_handover\src\simulation\lte\x64\debug\mimo.obj
e:\v12_projects\workspace_lte_handover\src\simulation\lte\x64\debug\mac_scheduler.obj
e:\v12_projects\workspace_lte_handover\src\simulation\lte\x64\debug\lte_phy.obj
e:\v12_projects\workspace_lte_handover\src\simulation\lte\x64\debug\lte_enum.obj
e:\v12_projects\workspace_lte_handover\src\simulation\lte\x64\debug\lte.obj
e:\v12_projects\workspace_lte_handover\src\simulation\lte\x64\debug\harq.obj
e:\v12_projects\workspace_lte_handover\src\simulation\lte\x64\debug\femtocell.obj
e:\v12_projects\workspace_lte_handover\src\simulation\lte\x64\debug\d2d.obj
e:\v12_projects\workspace_lte_handover\src\simulation\lte\x64\debug\ca.obj
e:\v12_projects\workspace_lte_handover\bin\bin_x64\liblte.dll
e:\v12_projects\workspace_lte_handover\bin\bin_x64\lte.pdb
e:\v12_projects\workspace_lte_handover\bin\bin_x64\lte.lib
e:\v12_projects\workspace_lte_handover\bin\bin_x64\lte.exp
e:\v12_projects\workspace_lte_handover\src\simulation\lte\x64\debug\lte.tlog\cl.command.1.tlog
e:\v12_projects\workspace_lte_handover\src\simulation\lte\x64\debug\lte.tlog\cl.read.1.tlog
e:\v12_projects\workspace_lte_handover\src\simulation\lte\x64\debug\lte.tlog\cl.write.1.tlog
e:\v12_projects\workspace_lte_handover\src\simulation\lte\x64\debug\lte.tlog\link.command.1.tlog
e:\v12_projects\workspace_lte_handover\src\simulation\lte\x64\debug\lte.tlog\link.read.1.tlog
e:\v12_projects\workspace_lte_handover\src\simulation\lte\x64\debug\lte.tlog\link.write.1.tlog
e:\v12_projects\workspace_lte_handover\src\simulation\lte\x64\debug\lte.tlog\lte.write.1u.tlog
